10:32:12,643  INFO TestContextManager:143 - @TestExecutionListeners is not present for class [class com.lgq.test.TuserManagerImplTest]: using defaults.
10:39:18,840  INFO XmlBeanDefinitionReader:316 - Loading XML bean definitions from class path resource [resources/applicationContext.xml]
10:39:18,843 ERROR TestContextManager:234 - Caught exception while allowing TestExecutionListener [org.springframework.test.context.support.DependencyInjectionTestExecutionListener@31610302] to prepare test instance [com.lgq.test.TuserManagerImplTest@71318ec4]
org.springframework.beans.factory.BeanDefinitionStoreException: IOException parsing XML document from class path resource [resources/applicationContext.xml]; nested exception is java.io.FileNotFoundException: class path resource [resources/applicationContext.xml] cannot be opened because it does not exist
	at org.springframework.beans.factory.xml.XmlBeanDefinitionReader.loadBeanDefinitions(XmlBeanDefinitionReader.java:343)
	at org.springframework.beans.factory.xml.XmlBeanDefinitionReader.loadBeanDefinitions(XmlBeanDefinitionReader.java:303)
	at org.springframework.beans.factory.support.AbstractBeanDefinitionReader.loadBeanDefinitions(AbstractBeanDefinitionReader.java:180)
	at org.springframework.beans.factory.support.AbstractBeanDefinitionReader.loadBeanDefinitions(AbstractBeanDefinitionReader.java:216)
	at org.springframework.beans.factory.support.AbstractBeanDefinitionReader.loadBeanDefinitions(AbstractBeanDefinitionReader.java:187)
	at org.springframework.beans.factory.support.AbstractBeanDefinitionReader.loadBeanDefinitions(AbstractBeanDefinitionReader.java:251)
	at org.springframework.test.context.support.AbstractGenericContextLoader.loadContext(AbstractGenericContextLoader.java:93)
	at org.springframework.test.context.support.AbstractGenericContextLoader.loadContext(AbstractGenericContextLoader.java:44)
	at org.springframework.test.context.TestContext.buildApplicationContext(TestContext.java:198)
	at org.springframework.test.context.TestContext.getApplicationContext(TestContext.java:233)
	at org.springframework.test.context.support.DependencyInjectionTestExecutionListener.injectDependencies(DependencyInjectionTestExecutionListener.java:126)
	at org.springframework.test.context.support.DependencyInjectionTestExecutionListener.prepareTestInstance(DependencyInjectionTestExecutionListener.java:85)
	at org.springframework.test.context.TestContextManager.prepareTestInstance(TestContextManager.java:231)
	at org.springframework.test.context.junit4.SpringJUnit4ClassRunner.createTest(SpringJUnit4ClassRunner.java:95)
	at org.springframework.test.context.junit4.SpringJUnit4ClassRunner.invokeTestMethod(SpringJUnit4ClassRunner.java:139)
	at org.junit.internal.runners.JUnit4ClassRunner.runMethods(JUnit4ClassRunner.java:61)
	at org.junit.internal.runners.JUnit4ClassRunner$1.run(JUnit4ClassRunner.java:54)
	at org.junit.internal.runners.ClassRoadie.runUnprotected(ClassRoadie.java:33)
	at org.junit.internal.runners.ClassRoadie.runProtected(ClassRoadie.java:45)
	at org.junit.internal.runners.JUnit4ClassRunner.run(JUnit4ClassRunner.java:52)
	at org.eclipse.jdt.internal.junit4.runner.JUnit4TestReference.run(JUnit4TestReference.java:50)
	at org.eclipse.jdt.internal.junit.runner.TestExecution.run(TestExecution.java:38)
	at org.eclipse.jdt.internal.junit.runner.RemoteTestRunner.runTests(RemoteTestRunner.java:459)
	at org.eclipse.jdt.internal.junit.runner.RemoteTestRunner.runTests(RemoteTestRunner.java:675)
	at org.eclipse.jdt.internal.junit.runner.RemoteTestRunner.run(RemoteTestRunner.java:382)
	at org.eclipse.jdt.internal.junit.runner.RemoteTestRunner.main(RemoteTestRunner.java:192)
Caused by: java.io.FileNotFoundException: class path resource [resources/applicationContext.xml] cannot be opened because it does not exist
	at org.springframework.core.io.ClassPathResource.getInputStream(ClassPathResource.java:158)
	at org.springframework.beans.factory.xml.XmlBeanDefinitionReader.loadBeanDefinitions(XmlBeanDefinitionReader.java:329)
	... 25 more
10:40:32,680  INFO XmlBeanDefinitionReader:316 - Loading XML bean definitions from class path resource [com/lgq/test/TuserManagerImplTest-context.xml]
10:40:32,682 ERROR TestContextManager:234 - Caught exception while allowing TestExecutionListener [org.springframework.test.context.support.DependencyInjectionTestExecutionListener@31dc339b] to prepare test instance [com.lgq.test.TuserManagerImplTest@544fe44c]
org.springframework.beans.factory.BeanDefinitionStoreException: IOException parsing XML document from class path resource [com/lgq/test/TuserManagerImplTest-context.xml]; nested exception is java.io.FileNotFoundException: class path resource [com/lgq/test/TuserManagerImplTest-context.xml] cannot be opened because it does not exist
	at org.springframework.beans.factory.xml.XmlBeanDefinitionReader.loadBeanDefinitions(XmlBeanDefinitionReader.java:343)
	at org.springframework.beans.factory.xml.XmlBeanDefinitionReader.loadBeanDefinitions(XmlBeanDefinitionReader.java:303)
	at org.springframework.beans.factory.support.AbstractBeanDefinitionReader.loadBeanDefinitions(AbstractBeanDefinitionReader.java:180)
	at org.springframework.beans.factory.support.AbstractBeanDefinitionReader.loadBeanDefinitions(AbstractBeanDefinitionReader.java:216)
	at org.springframework.beans.factory.support.AbstractBeanDefinitionReader.loadBeanDefinitions(AbstractBeanDefinitionReader.java:187)
	at org.springframework.beans.factory.support.AbstractBeanDefinitionReader.loadBeanDefinitions(AbstractBeanDefinitionReader.java:251)
	at org.springframework.test.context.support.AbstractGenericContextLoader.loadContext(AbstractGenericContextLoader.java:93)
	at org.springframework.test.context.support.AbstractGenericContextLoader.loadContext(AbstractGenericContextLoader.java:44)
	at org.springframework.test.context.TestContext.buildApplicationContext(TestContext.java:198)
	at org.springframework.test.context.TestContext.getApplicationContext(TestContext.java:233)
	at org.springframework.test.context.support.DependencyInjectionTestExecutionListener.injectDependencies(DependencyInjectionTestExecutionListener.java:126)
	at org.springframework.test.context.support.DependencyInjectionTestExecutionListener.prepareTestInstance(DependencyInjectionTestExecutionListener.java:85)
	at org.springframework.test.context.TestContextManager.prepareTestInstance(TestContextManager.java:231)
	at org.springframework.test.context.junit4.SpringJUnit4ClassRunner.createTest(SpringJUnit4ClassRunner.java:95)
	at org.springframework.test.context.junit4.SpringJUnit4ClassRunner.invokeTestMethod(SpringJUnit4ClassRunner.java:139)
	at org.junit.internal.runners.JUnit4ClassRunner.runMethods(JUnit4ClassRunner.java:61)
	at org.junit.internal.runners.JUnit4ClassRunner$1.run(JUnit4ClassRunner.java:54)
	at org.junit.internal.runners.ClassRoadie.runUnprotected(ClassRoadie.java:33)
	at org.junit.internal.runners.ClassRoadie.runProtected(ClassRoadie.java:45)
	at org.junit.internal.runners.JUnit4ClassRunner.run(JUnit4ClassRunner.java:52)
	at org.eclipse.jdt.internal.junit4.runner.JUnit4TestReference.run(JUnit4TestReference.java:50)
	at org.eclipse.jdt.internal.junit.runner.TestExecution.run(TestExecution.java:38)
	at org.eclipse.jdt.internal.junit.runner.RemoteTestRunner.runTests(RemoteTestRunner.java:459)
	at org.eclipse.jdt.internal.junit.runner.RemoteTestRunner.runTests(RemoteTestRunner.java:675)
	at org.eclipse.jdt.internal.junit.runner.RemoteTestRunner.run(RemoteTestRunner.java:382)
	at org.eclipse.jdt.internal.junit.runner.RemoteTestRunner.main(RemoteTestRunner.java:192)
Caused by: java.io.FileNotFoundException: class path resource [com/lgq/test/TuserManagerImplTest-context.xml] cannot be opened because it does not exist
	at org.springframework.core.io.ClassPathResource.getInputStream(ClassPathResource.java:158)
	at org.springframework.beans.factory.xml.XmlBeanDefinitionReader.loadBeanDefinitions(XmlBeanDefinitionReader.java:329)
	... 25 more
10:41:23,300  INFO XmlBeanDefinitionReader:316 - Loading XML bean definitions from class path resource [applicationContext.xml]
10:41:23,470  INFO GenericApplicationContext:513 - Refreshing org.springframework.context.support.GenericApplicationContext@3c5a99da: startup date [Wed May 20 10:41:23 AEST 2015]; root of context hierarchy
10:41:23,586  INFO PropertyPlaceholderConfigurer:172 - Loading properties file from class path resource [WEB-INF/jdbc.properties]
10:41:23,587 ERROR TestContextManager:234 - Caught exception while allowing TestExecutionListener [org.springframework.test.context.support.DependencyInjectionTestExecutionListener@16e7dcfd] to prepare test instance [com.lgq.test.TuserManagerImplTest@3d121db3]
org.springframework.beans.factory.BeanInitializationException: Could not load properties; nested exception is java.io.FileNotFoundException: class path resource [WEB-INF/jdbc.properties] cannot be opened because it does not exist
	at org.springframework.beans.factory.config.PropertyResourceConfigurer.postProcessBeanFactory(PropertyResourceConfigurer.java:89)
	at org.springframework.context.support.PostProcessorRegistrationDelegate.invokeBeanFactoryPostProcessors(PostProcessorRegistrationDelegate.java:265)
	at org.springframework.context.support.PostProcessorRegistrationDelegate.invokeBeanFactoryPostProcessors(PostProcessorRegistrationDelegate.java:162)
	at org.springframework.context.support.AbstractApplicationContext.invokeBeanFactoryPostProcessors(AbstractApplicationContext.java:609)
	at org.springframework.context.support.AbstractApplicationContext.refresh(AbstractApplicationContext.java:464)
	at org.springframework.test.context.support.AbstractGenericContextLoader.loadContext(AbstractGenericContextLoader.java:96)
	at org.springframework.test.context.support.AbstractGenericContextLoader.loadContext(AbstractGenericContextLoader.java:44)
	at org.springframework.test.context.TestContext.buildApplicationContext(TestContext.java:198)
	at org.springframework.test.context.TestContext.getApplicationContext(TestContext.java:233)
	at org.springframework.test.context.support.DependencyInjectionTestExecutionListener.injectDependencies(DependencyInjectionTestExecutionListener.java:126)
	at org.springframework.test.context.support.DependencyInjectionTestExecutionListener.prepareTestInstance(DependencyInjectionTestExecutionListener.java:85)
	at org.springframework.test.context.TestContextManager.prepareTestInstance(TestContextManager.java:231)
	at org.springframework.test.context.junit4.SpringJUnit4ClassRunner.createTest(SpringJUnit4ClassRunner.java:95)
	at org.springframework.test.context.junit4.SpringJUnit4ClassRunner.invokeTestMethod(SpringJUnit4ClassRunner.java:139)
	at org.junit.internal.runners.JUnit4ClassRunner.runMethods(JUnit4ClassRunner.java:61)
	at org.junit.internal.runners.JUnit4ClassRunner$1.run(JUnit4ClassRunner.java:54)
	at org.junit.internal.runners.ClassRoadie.runUnprotected(ClassRoadie.java:33)
	at org.junit.internal.runners.ClassRoadie.runProtected(ClassRoadie.java:45)
	at org.junit.internal.runners.JUnit4ClassRunner.run(JUnit4ClassRunner.java:52)
	at org.eclipse.jdt.internal.junit4.runner.JUnit4TestReference.run(JUnit4TestReference.java:50)
	at org.eclipse.jdt.internal.junit.runner.TestExecution.run(TestExecution.java:38)
	at org.eclipse.jdt.internal.junit.runner.RemoteTestRunner.runTests(RemoteTestRunner.java:459)
	at org.eclipse.jdt.internal.junit.runner.RemoteTestRunner.runTests(RemoteTestRunner.java:675)
	at org.eclipse.jdt.internal.junit.runner.RemoteTestRunner.run(RemoteTestRunner.java:382)
	at org.eclipse.jdt.internal.junit.runner.RemoteTestRunner.main(RemoteTestRunner.java:192)
Caused by: java.io.FileNotFoundException: class path resource [WEB-INF/jdbc.properties] cannot be opened because it does not exist
	at org.springframework.core.io.ClassPathResource.getInputStream(ClassPathResource.java:158)
	at org.springframework.core.io.support.EncodedResource.getInputStream(EncodedResource.java:143)
	at org.springframework.core.io.support.PropertiesLoaderUtils.fillProperties(PropertiesLoaderUtils.java:98)
	at org.springframework.core.io.support.PropertiesLoaderSupport.loadProperties(PropertiesLoaderSupport.java:175)
	at org.springframework.core.io.support.PropertiesLoaderSupport.mergeProperties(PropertiesLoaderSupport.java:156)
	at org.springframework.beans.factory.config.PropertyResourceConfigurer.postProcessBeanFactory(PropertyResourceConfigurer.java:80)
	... 24 more
10:43:05,218  INFO TestContextManager:143 - @TestExecutionListeners is not present for class [class com.lgq.test.TuserManagerImplTest]: using defaults.
10:43:05,319  INFO XmlBeanDefinitionReader:316 - Loading XML bean definitions from class path resource [applicationContext.xml]
10:43:05,449  INFO GenericApplicationContext:513 - Refreshing org.springframework.context.support.GenericApplicationContext@2d209079: startup date [Wed May 20 10:43:05 AEST 2015]; root of context hierarchy
10:43:05,567  INFO PropertyPlaceholderConfigurer:172 - Loading properties file from class path resource [WEB-INF/jdbc.properties]
10:43:05,568 ERROR TestContextManager:234 - Caught exception while allowing TestExecutionListener [org.springframework.test.context.support.DependencyInjectionTestExecutionListener@2928854b] to prepare test instance [com.lgq.test.TuserManagerImplTest@27ae2fd0]
org.springframework.beans.factory.BeanInitializationException: Could not load properties; nested exception is java.io.FileNotFoundException: class path resource [WEB-INF/jdbc.properties] cannot be opened because it does not exist
	at org.springframework.beans.factory.config.PropertyResourceConfigurer.postProcessBeanFactory(PropertyResourceConfigurer.java:89)
	at org.springframework.context.support.PostProcessorRegistrationDelegate.invokeBeanFactoryPostProcessors(PostProcessorRegistrationDelegate.java:265)
	at org.springframework.context.support.PostProcessorRegistrationDelegate.invokeBeanFactoryPostProcessors(PostProcessorRegistrationDelegate.java:162)
	at org.springframework.context.support.AbstractApplicationContext.invokeBeanFactoryPostProcessors(AbstractApplicationContext.java:609)
	at org.springframework.context.support.AbstractApplicationContext.refresh(AbstractApplicationContext.java:464)
	at org.springframework.test.context.support.AbstractGenericContextLoader.loadContext(AbstractGenericContextLoader.java:96)
	at org.springframework.test.context.support.AbstractGenericContextLoader.loadContext(AbstractGenericContextLoader.java:44)
	at org.springframework.test.context.TestContext.buildApplicationContext(TestContext.java:198)
	at org.springframework.test.context.TestContext.getApplicationContext(TestContext.java:233)
	at org.springframework.test.context.support.DependencyInjectionTestExecutionListener.injectDependencies(DependencyInjectionTestExecutionListener.java:126)
	at org.springframework.test.context.support.DependencyInjectionTestExecutionListener.prepareTestInstance(DependencyInjectionTestExecutionListener.java:85)
	at org.springframework.test.context.TestContextManager.prepareTestInstance(TestContextManager.java:231)
	at org.springframework.test.context.junit4.SpringJUnit4ClassRunner.createTest(SpringJUnit4ClassRunner.java:95)
	at org.springframework.test.context.junit4.SpringJUnit4ClassRunner.invokeTestMethod(SpringJUnit4ClassRunner.java:139)
	at org.junit.internal.runners.JUnit4ClassRunner.runMethods(JUnit4ClassRunner.java:61)
	at org.junit.internal.runners.JUnit4ClassRunner$1.run(JUnit4ClassRunner.java:54)
	at org.junit.internal.runners.ClassRoadie.runUnprotected(ClassRoadie.java:33)
	at org.junit.internal.runners.ClassRoadie.runProtected(ClassRoadie.java:45)
	at org.junit.internal.runners.JUnit4ClassRunner.run(JUnit4ClassRunner.java:52)
	at org.eclipse.jdt.internal.junit4.runner.JUnit4TestReference.run(JUnit4TestReference.java:50)
	at org.eclipse.jdt.internal.junit.runner.TestExecution.run(TestExecution.java:38)
	at org.eclipse.jdt.internal.junit.runner.RemoteTestRunner.runTests(RemoteTestRunner.java:459)
	at org.eclipse.jdt.internal.junit.runner.RemoteTestRunner.runTests(RemoteTestRunner.java:675)
	at org.eclipse.jdt.internal.junit.runner.RemoteTestRunner.run(RemoteTestRunner.java:382)
	at org.eclipse.jdt.internal.junit.runner.RemoteTestRunner.main(RemoteTestRunner.java:192)
Caused by: java.io.FileNotFoundException: class path resource [WEB-INF/jdbc.properties] cannot be opened because it does not exist
	at org.springframework.core.io.ClassPathResource.getInputStream(ClassPathResource.java:158)
	at org.springframework.core.io.support.EncodedResource.getInputStream(EncodedResource.java:143)
	at org.springframework.core.io.support.PropertiesLoaderUtils.fillProperties(PropertiesLoaderUtils.java:98)
	at org.springframework.core.io.support.PropertiesLoaderSupport.loadProperties(PropertiesLoaderSupport.java:175)
	at org.springframework.core.io.support.PropertiesLoaderSupport.mergeProperties(PropertiesLoaderSupport.java:156)
	at org.springframework.beans.factory.config.PropertyResourceConfigurer.postProcessBeanFactory(PropertyResourceConfigurer.java:80)
	... 24 more
10:48:12,924  INFO TestContextManager:143 - @TestExecutionListeners is not present for class [class com.lgq.test.TuserManagerImplTest]: using defaults.
10:48:13,023  INFO XmlBeanDefinitionReader:316 - Loading XML bean definitions from class path resource [applicationContext.xml]
10:48:13,157  INFO GenericApplicationContext:513 - Refreshing org.springframework.context.support.GenericApplicationContext@2d209079: startup date [Wed May 20 10:48:13 AEST 2015]; root of context hierarchy
10:48:13,275  INFO PropertyPlaceholderConfigurer:172 - Loading properties file from class path resource [WEB-INF/classes/jdbc.properties]
10:48:13,276 ERROR TestContextManager:234 - Caught exception while allowing TestExecutionListener [org.springframework.test.context.support.DependencyInjectionTestExecutionListener@2928854b] to prepare test instance [com.lgq.test.TuserManagerImplTest@27ae2fd0]
org.springframework.beans.factory.BeanInitializationException: Could not load properties; nested exception is java.io.FileNotFoundException: class path resource [WEB-INF/classes/jdbc.properties] cannot be opened because it does not exist
	at org.springframework.beans.factory.config.PropertyResourceConfigurer.postProcessBeanFactory(PropertyResourceConfigurer.java:89)
	at org.springframework.context.support.PostProcessorRegistrationDelegate.invokeBeanFactoryPostProcessors(PostProcessorRegistrationDelegate.java:265)
	at org.springframework.context.support.PostProcessorRegistrationDelegate.invokeBeanFactoryPostProcessors(PostProcessorRegistrationDelegate.java:162)
	at org.springframework.context.support.AbstractApplicationContext.invokeBeanFactoryPostProcessors(AbstractApplicationContext.java:609)
	at org.springframework.context.support.AbstractApplicationContext.refresh(AbstractApplicationContext.java:464)
	at org.springframework.test.context.support.AbstractGenericContextLoader.loadContext(AbstractGenericContextLoader.java:96)
	at org.springframework.test.context.support.AbstractGenericContextLoader.loadContext(AbstractGenericContextLoader.java:44)
	at org.springframework.test.context.TestContext.buildApplicationContext(TestContext.java:198)
	at org.springframework.test.context.TestContext.getApplicationContext(TestContext.java:233)
	at org.springframework.test.context.support.DependencyInjectionTestExecutionListener.injectDependencies(DependencyInjectionTestExecutionListener.java:126)
	at org.springframework.test.context.support.DependencyInjectionTestExecutionListener.prepareTestInstance(DependencyInjectionTestExecutionListener.java:85)
	at org.springframework.test.context.TestContextManager.prepareTestInstance(TestContextManager.java:231)
	at org.springframework.test.context.junit4.SpringJUnit4ClassRunner.createTest(SpringJUnit4ClassRunner.java:95)
	at org.springframework.test.context.junit4.SpringJUnit4ClassRunner.invokeTestMethod(SpringJUnit4ClassRunner.java:139)
	at org.junit.internal.runners.JUnit4ClassRunner.runMethods(JUnit4ClassRunner.java:61)
	at org.junit.internal.runners.JUnit4ClassRunner$1.run(JUnit4ClassRunner.java:54)
	at org.junit.internal.runners.ClassRoadie.runUnprotected(ClassRoadie.java:33)
	at org.junit.internal.runners.ClassRoadie.runProtected(ClassRoadie.java:45)
	at org.junit.internal.runners.JUnit4ClassRunner.run(JUnit4ClassRunner.java:52)
	at org.eclipse.jdt.internal.junit4.runner.JUnit4TestReference.run(JUnit4TestReference.java:50)
	at org.eclipse.jdt.internal.junit.runner.TestExecution.run(TestExecution.java:38)
	at org.eclipse.jdt.internal.junit.runner.RemoteTestRunner.runTests(RemoteTestRunner.java:459)
	at org.eclipse.jdt.internal.junit.runner.RemoteTestRunner.runTests(RemoteTestRunner.java:675)
	at org.eclipse.jdt.internal.junit.runner.RemoteTestRunner.run(RemoteTestRunner.java:382)
	at org.eclipse.jdt.internal.junit.runner.RemoteTestRunner.main(RemoteTestRunner.java:192)
Caused by: java.io.FileNotFoundException: class path resource [WEB-INF/classes/jdbc.properties] cannot be opened because it does not exist
	at org.springframework.core.io.ClassPathResource.getInputStream(ClassPathResource.java:158)
	at org.springframework.core.io.support.EncodedResource.getInputStream(EncodedResource.java:143)
	at org.springframework.core.io.support.PropertiesLoaderUtils.fillProperties(PropertiesLoaderUtils.java:98)
	at org.springframework.core.io.support.PropertiesLoaderSupport.loadProperties(PropertiesLoaderSupport.java:175)
	at org.springframework.core.io.support.PropertiesLoaderSupport.mergeProperties(PropertiesLoaderSupport.java:156)
	at org.springframework.beans.factory.config.PropertyResourceConfigurer.postProcessBeanFactory(PropertyResourceConfigurer.java:80)
	... 24 more
10:52:41,426  INFO TestContextManager:143 - @TestExecutionListeners is not present for class [class com.lgq.test.TuserManagerImplTest]: using defaults.
10:52:41,523  INFO XmlBeanDefinitionReader:316 - Loading XML bean definitions from class path resource [applicationContext.xml]
10:52:41,650  INFO GenericApplicationContext:513 - Refreshing org.springframework.context.support.GenericApplicationContext@2d209079: startup date [Wed May 20 10:52:41 AEST 2015]; root of context hierarchy
10:52:41,762  INFO PropertyPlaceholderConfigurer:172 - Loading properties file from class path resource [jdbc.properties]
10:52:41,917  INFO Version:66 - HCANN000001: Hibernate Commons Annotations {4.0.5.Final}
10:52:41,923  INFO Version:54 - HHH000412: Hibernate Core {4.3.6.Final}
10:52:41,924  INFO Environment:239 - HHH000206: hibernate.properties not found
10:52:41,925  INFO Environment:346 - HHH000021: Bytecode provider name : javassist
10:52:41,937  INFO Configuration:2109 - HHH000044: Configuring from URL: file:/Users/Joseph/Documents/workspace/bizinfo/WebRoot/WEB-INF/classes/hibernate.cfg.xml
10:52:41,956  WARN DTDEntityResolver:75 - HHH000223: Recognized obsolete hibernate namespace http://hibernate.sourceforge.net/. Use namespace http://www.hibernate.org/dtd/ instead. Refer to Hibernate 3.6 Migration Guide!
10:52:41,973  INFO Configuration:2214 - HHH000041: Configured SessionFactory: null
10:52:42,287  INFO Dialect:145 - HHH000400: Using dialect: org.hibernate.dialect.MySQLDialect
10:52:42,367  INFO TransactionFactoryInitiator:62 - HHH000399: Using default transaction strategy (direct JDBC transactions)
10:52:42,370  INFO ASTQueryTranslatorFactory:47 - HHH000397: Using ASTQueryTranslatorFactory
10:52:42,665  INFO HibernateTransactionManager:339 - Using DataSource [org.apache.commons.dbcp.BasicDataSource@65e61854] of Hibernate SessionFactory for HibernateTransactionManager
10:52:42,764  INFO TransactionalTestExecutionListener:314 - Began transaction (1): transaction manager [org.springframework.orm.hibernate4.HibernateTransactionManager@7249dadf]; rollback [true]; flagged for commmit [false].
10:52:42,903  INFO TransactionalTestExecutionListener:355 - Rolled back transaction after test execution for test context [[TestContext@2fa3be26 testClass = TuserManagerImplTest, locations = array<String>['classpath:applicationContext.xml'], testInstance = com.lgq.test.TuserManagerImplTest@4287d447, testMethod = testGetAllUser@TuserManagerImplTest, testException = [null]]].
10:52:42,906  INFO TransactionalTestExecutionListener:314 - Began transaction (2): transaction manager [org.springframework.orm.hibernate4.HibernateTransactionManager@7249dadf]; rollback [true]; flagged for commmit [false].
10:52:42,919  INFO TransactionalTestExecutionListener:355 - Rolled back transaction after test execution for test context [[TestContext@2fa3be26 testClass = TuserManagerImplTest, locations = array<String>['classpath:applicationContext.xml'], testInstance = com.lgq.test.TuserManagerImplTest@4b61d0c6, testMethod = testCreateUser@TuserManagerImplTest, testException = [null]]].
10:52:42,920  INFO GenericApplicationContext:873 - Closing org.springframework.context.support.GenericApplicationContext@2d209079: startup date [Wed May 20 10:52:41 AEST 2015]; root of context hierarchy
11:04:01,634  INFO TestContextManager:143 - @TestExecutionListeners is not present for class [class com.lgq.test.daoTest.TuserManagerImplTest]: using defaults.
11:04:01,732  INFO XmlBeanDefinitionReader:316 - Loading XML bean definitions from class path resource [applicationContext.xml]
11:04:01,856  INFO GenericApplicationContext:513 - Refreshing org.springframework.context.support.GenericApplicationContext@2d209079: startup date [Wed May 20 11:04:01 AEST 2015]; root of context hierarchy
11:04:01,966  INFO PropertyPlaceholderConfigurer:172 - Loading properties file from class path resource [jdbc.properties]
11:04:02,116  INFO Version:66 - HCANN000001: Hibernate Commons Annotations {4.0.5.Final}
11:04:02,120  INFO Version:54 - HHH000412: Hibernate Core {4.3.6.Final}
11:04:02,122  INFO Environment:239 - HHH000206: hibernate.properties not found
11:04:02,123  INFO Environment:346 - HHH000021: Bytecode provider name : javassist
11:04:02,134  INFO Configuration:2109 - HHH000044: Configuring from URL: file:/Users/Joseph/Documents/workspace/bizinfo/WebRoot/WEB-INF/classes/hibernate.cfg.xml
11:04:02,150  WARN DTDEntityResolver:75 - HHH000223: Recognized obsolete hibernate namespace http://hibernate.sourceforge.net/. Use namespace http://www.hibernate.org/dtd/ instead. Refer to Hibernate 3.6 Migration Guide!
11:04:02,165  INFO Configuration:2214 - HHH000041: Configured SessionFactory: null
11:04:02,473  INFO Dialect:145 - HHH000400: Using dialect: org.hibernate.dialect.MySQLDialect
11:04:02,559  INFO TransactionFactoryInitiator:62 - HHH000399: Using default transaction strategy (direct JDBC transactions)
11:04:02,562  INFO ASTQueryTranslatorFactory:47 - HHH000397: Using ASTQueryTranslatorFactory
11:04:02,861  INFO HibernateTransactionManager:339 - Using DataSource [org.apache.commons.dbcp.BasicDataSource@65e61854] of Hibernate SessionFactory for HibernateTransactionManager
11:04:02,956  INFO TransactionalTestExecutionListener:314 - Began transaction (1): transaction manager [org.springframework.orm.hibernate4.HibernateTransactionManager@7249dadf]; rollback [true]; flagged for commmit [false].
11:04:03,077  INFO TransactionalTestExecutionListener:355 - Rolled back transaction after test execution for test context [[TestContext@2fa3be26 testClass = TuserManagerImplTest, locations = array<String>['classpath:applicationContext.xml'], testInstance = com.lgq.test.daoTest.TuserManagerImplTest@4287d447, testMethod = testGetAllUser@TuserManagerImplTest, testException = [null]]].
11:04:03,080  INFO TransactionalTestExecutionListener:314 - Began transaction (2): transaction manager [org.springframework.orm.hibernate4.HibernateTransactionManager@7249dadf]; rollback [true]; flagged for commmit [false].
11:04:03,094  INFO TransactionalTestExecutionListener:355 - Rolled back transaction after test execution for test context [[TestContext@2fa3be26 testClass = TuserManagerImplTest, locations = array<String>['classpath:applicationContext.xml'], testInstance = com.lgq.test.daoTest.TuserManagerImplTest@4b61d0c6, testMethod = testCreateUser@TuserManagerImplTest, testException = java.lang.AssertionError: expected:<3> but was:<4>]].
11:04:03,095  INFO GenericApplicationContext:873 - Closing org.springframework.context.support.GenericApplicationContext@2d209079: startup date [Wed May 20 11:04:01 AEST 2015]; root of context hierarchy
11:13:08,318  INFO TestContextManager:143 - @TestExecutionListeners is not present for class [class com.lgq.test.serviceTest.TuserManagerImplTest]: using defaults.
11:13:08,417  INFO XmlBeanDefinitionReader:316 - Loading XML bean definitions from class path resource [applicationContext.xml]
11:13:08,543  INFO GenericApplicationContext:513 - Refreshing org.springframework.context.support.GenericApplicationContext@2d209079: startup date [Wed May 20 11:13:08 AEST 2015]; root of context hierarchy
11:13:08,660  INFO PropertyPlaceholderConfigurer:172 - Loading properties file from class path resource [jdbc.properties]
11:13:08,812  INFO Version:66 - HCANN000001: Hibernate Commons Annotations {4.0.5.Final}
11:13:08,816  INFO Version:54 - HHH000412: Hibernate Core {4.3.6.Final}
11:13:08,818  INFO Environment:239 - HHH000206: hibernate.properties not found
11:13:08,820  INFO Environment:346 - HHH000021: Bytecode provider name : javassist
11:13:08,832  INFO Configuration:2109 - HHH000044: Configuring from URL: file:/Users/Joseph/Documents/workspace/bizinfo/WebRoot/WEB-INF/classes/hibernate.cfg.xml
11:13:08,848  WARN DTDEntityResolver:75 - HHH000223: Recognized obsolete hibernate namespace http://hibernate.sourceforge.net/. Use namespace http://www.hibernate.org/dtd/ instead. Refer to Hibernate 3.6 Migration Guide!
11:13:08,864  INFO Configuration:2214 - HHH000041: Configured SessionFactory: null
11:13:09,163  INFO Dialect:145 - HHH000400: Using dialect: org.hibernate.dialect.MySQLDialect
11:13:09,251  INFO TransactionFactoryInitiator:62 - HHH000399: Using default transaction strategy (direct JDBC transactions)
11:13:09,253  INFO ASTQueryTranslatorFactory:47 - HHH000397: Using ASTQueryTranslatorFactory
11:13:09,549  INFO HibernateTransactionManager:339 - Using DataSource [org.apache.commons.dbcp.BasicDataSource@65e61854] of Hibernate SessionFactory for HibernateTransactionManager
11:13:09,643  INFO TransactionalTestExecutionListener:314 - Began transaction (1): transaction manager [org.springframework.orm.hibernate4.HibernateTransactionManager@7249dadf]; rollback [true]; flagged for commmit [false].
11:13:09,704  INFO TransactionalTestExecutionListener:355 - Rolled back transaction after test execution for test context [[TestContext@c1a4620 testClass = TuserManagerImplTest, locations = array<String>['classpath:applicationContext.xml'], testInstance = com.lgq.test.serviceTest.TuserManagerImplTest@76b0ae1b, testMethod = testaddUser@TuserManagerImplTest, testException = java.lang.AssertionError: expected:<3> but was:<5>]].
11:13:09,706  INFO GenericApplicationContext:873 - Closing org.springframework.context.support.GenericApplicationContext@2d209079: startup date [Wed May 20 11:13:08 AEST 2015]; root of context hierarchy
11:23:38,433  INFO TestContextManager:143 - @TestExecutionListeners is not present for class [class com.lgq.test.daoTest.TbusinesstypeDaoImplTest]: using defaults.
11:23:38,531  INFO XmlBeanDefinitionReader:316 - Loading XML bean definitions from class path resource [applicationContext.xml]
11:23:38,664  INFO GenericApplicationContext:513 - Refreshing org.springframework.context.support.GenericApplicationContext@2d209079: startup date [Wed May 20 11:23:38 AEST 2015]; root of context hierarchy
11:23:38,781  INFO PropertyPlaceholderConfigurer:172 - Loading properties file from class path resource [jdbc.properties]
11:23:38,936  INFO Version:66 - HCANN000001: Hibernate Commons Annotations {4.0.5.Final}
11:23:38,941  INFO Version:54 - HHH000412: Hibernate Core {4.3.6.Final}
11:23:38,942  INFO Environment:239 - HHH000206: hibernate.properties not found
11:23:38,944  INFO Environment:346 - HHH000021: Bytecode provider name : javassist
11:23:38,956  INFO Configuration:2109 - HHH000044: Configuring from URL: file:/Users/Joseph/Documents/workspace/bizinfo/WebRoot/WEB-INF/classes/hibernate.cfg.xml
11:23:38,973  WARN DTDEntityResolver:75 - HHH000223: Recognized obsolete hibernate namespace http://hibernate.sourceforge.net/. Use namespace http://www.hibernate.org/dtd/ instead. Refer to Hibernate 3.6 Migration Guide!
11:23:38,989  INFO Configuration:2214 - HHH000041: Configured SessionFactory: null
11:23:39,297  INFO Dialect:145 - HHH000400: Using dialect: org.hibernate.dialect.MySQLDialect
11:23:39,380  INFO TransactionFactoryInitiator:62 - HHH000399: Using default transaction strategy (direct JDBC transactions)
11:23:39,383  INFO ASTQueryTranslatorFactory:47 - HHH000397: Using ASTQueryTranslatorFactory
11:23:39,692  INFO HibernateTransactionManager:339 - Using DataSource [org.apache.commons.dbcp.BasicDataSource@65e61854] of Hibernate SessionFactory for HibernateTransactionManager
11:23:39,787  INFO TransactionalTestExecutionListener:314 - Began transaction (1): transaction manager [org.springframework.orm.hibernate4.HibernateTransactionManager@7249dadf]; rollback [true]; flagged for commmit [false].
11:23:39,924  INFO TransactionalTestExecutionListener:355 - Rolled back transaction after test execution for test context [[TestContext@4e6d7365 testClass = TbusinesstypeDaoImplTest, locations = array<String>['classpath:applicationContext.xml'], testInstance = com.lgq.test.daoTest.TbusinesstypeDaoImplTest@7c0da600, testMethod = testGetAllTypes@TbusinesstypeDaoImplTest, testException = [null]]].
11:23:39,926  INFO GenericApplicationContext:873 - Closing org.springframework.context.support.GenericApplicationContext@2d209079: startup date [Wed May 20 11:23:38 AEST 2015]; root of context hierarchy
11:25:49,389  INFO TestContextManager:143 - @TestExecutionListeners is not present for class [class com.lgq.test.daoTest.TuserDaoImplTest]: using defaults.
11:25:49,491  INFO XmlBeanDefinitionReader:316 - Loading XML bean definitions from class path resource [applicationContext.xml]
11:25:49,617  INFO GenericApplicationContext:513 - Refreshing org.springframework.context.support.GenericApplicationContext@2d209079: startup date [Wed May 20 11:25:49 AEST 2015]; root of context hierarchy
11:25:49,735  INFO PropertyPlaceholderConfigurer:172 - Loading properties file from class path resource [jdbc.properties]
11:25:49,886  INFO Version:66 - HCANN000001: Hibernate Commons Annotations {4.0.5.Final}
11:25:49,891  INFO Version:54 - HHH000412: Hibernate Core {4.3.6.Final}
11:25:49,892  INFO Environment:239 - HHH000206: hibernate.properties not found
11:25:49,894  INFO Environment:346 - HHH000021: Bytecode provider name : javassist
11:25:49,905  INFO Configuration:2109 - HHH000044: Configuring from URL: file:/Users/Joseph/Documents/workspace/bizinfo/WebRoot/WEB-INF/classes/hibernate.cfg.xml
11:25:49,922  WARN DTDEntityResolver:75 - HHH000223: Recognized obsolete hibernate namespace http://hibernate.sourceforge.net/. Use namespace http://www.hibernate.org/dtd/ instead. Refer to Hibernate 3.6 Migration Guide!
11:25:49,937  INFO Configuration:2214 - HHH000041: Configured SessionFactory: null
11:25:50,255  INFO Dialect:145 - HHH000400: Using dialect: org.hibernate.dialect.MySQLDialect
11:25:50,337  INFO TransactionFactoryInitiator:62 - HHH000399: Using default transaction strategy (direct JDBC transactions)
11:25:50,340  INFO ASTQueryTranslatorFactory:47 - HHH000397: Using ASTQueryTranslatorFactory
11:25:50,643  INFO HibernateTransactionManager:339 - Using DataSource [org.apache.commons.dbcp.BasicDataSource@65e61854] of Hibernate SessionFactory for HibernateTransactionManager
11:25:50,739  INFO TransactionalTestExecutionListener:314 - Began transaction (1): transaction manager [org.springframework.orm.hibernate4.HibernateTransactionManager@7249dadf]; rollback [true]; flagged for commmit [false].
11:25:50,882  INFO TransactionalTestExecutionListener:355 - Rolled back transaction after test execution for test context [[TestContext@2fa3be26 testClass = TuserDaoImplTest, locations = array<String>['classpath:applicationContext.xml'], testInstance = com.lgq.test.daoTest.TuserDaoImplTest@4287d447, testMethod = testGetAllUser@TuserDaoImplTest, testException = [null]]].
11:25:50,885  INFO TransactionalTestExecutionListener:314 - Began transaction (2): transaction manager [org.springframework.orm.hibernate4.HibernateTransactionManager@7249dadf]; rollback [true]; flagged for commmit [false].
11:25:50,897  INFO TransactionalTestExecutionListener:355 - Rolled back transaction after test execution for test context [[TestContext@2fa3be26 testClass = TuserDaoImplTest, locations = array<String>['classpath:applicationContext.xml'], testInstance = com.lgq.test.daoTest.TuserDaoImplTest@4b61d0c6, testMethod = testCreateUser@TuserDaoImplTest, testException = java.lang.AssertionError: expected:<3> but was:<6>]].
11:25:50,898  INFO GenericApplicationContext:873 - Closing org.springframework.context.support.GenericApplicationContext@2d209079: startup date [Wed May 20 11:25:49 AEST 2015]; root of context hierarchy
11:30:36,015  INFO TestContextManager:143 - @TestExecutionListeners is not present for class [class com.lgq.test.daoTest.TbusinesstypeDaoImplTest]: using defaults.
11:30:36,114  INFO XmlBeanDefinitionReader:316 - Loading XML bean definitions from class path resource [applicationContext.xml]
11:30:36,240  INFO GenericApplicationContext:513 - Refreshing org.springframework.context.support.GenericApplicationContext@2d209079: startup date [Wed May 20 11:30:36 AEST 2015]; root of context hierarchy
11:30:36,358  INFO PropertyPlaceholderConfigurer:172 - Loading properties file from class path resource [jdbc.properties]
11:30:36,510  INFO Version:66 - HCANN000001: Hibernate Commons Annotations {4.0.5.Final}
11:30:36,515  INFO Version:54 - HHH000412: Hibernate Core {4.3.6.Final}
11:30:36,516  INFO Environment:239 - HHH000206: hibernate.properties not found
11:30:36,517  INFO Environment:346 - HHH000021: Bytecode provider name : javassist
11:30:36,529  INFO Configuration:2109 - HHH000044: Configuring from URL: file:/Users/Joseph/Documents/workspace/bizinfo/WebRoot/WEB-INF/classes/hibernate.cfg.xml
11:30:36,545  WARN DTDEntityResolver:75 - HHH000223: Recognized obsolete hibernate namespace http://hibernate.sourceforge.net/. Use namespace http://www.hibernate.org/dtd/ instead. Refer to Hibernate 3.6 Migration Guide!
11:30:36,561  INFO Configuration:2214 - HHH000041: Configured SessionFactory: null
11:30:36,856  INFO Dialect:145 - HHH000400: Using dialect: org.hibernate.dialect.MySQLDialect
11:30:36,940  INFO TransactionFactoryInitiator:62 - HHH000399: Using default transaction strategy (direct JDBC transactions)
11:30:36,942  INFO ASTQueryTranslatorFactory:47 - HHH000397: Using ASTQueryTranslatorFactory
11:30:37,254  INFO HibernateTransactionManager:339 - Using DataSource [org.apache.commons.dbcp.BasicDataSource@65e61854] of Hibernate SessionFactory for HibernateTransactionManager
11:30:37,355  INFO TransactionalTestExecutionListener:314 - Began transaction (1): transaction manager [org.springframework.orm.hibernate4.HibernateTransactionManager@7249dadf]; rollback [true]; flagged for commmit [false].
11:30:37,496  INFO TransactionalTestExecutionListener:355 - Rolled back transaction after test execution for test context [[TestContext@4e6d7365 testClass = TbusinesstypeDaoImplTest, locations = array<String>['classpath:applicationContext.xml'], testInstance = com.lgq.test.daoTest.TbusinesstypeDaoImplTest@7c0da600, testMethod = testGetAllTypes@TbusinesstypeDaoImplTest, testException = [null]]].
11:30:37,499  INFO TransactionalTestExecutionListener:314 - Began transaction (2): transaction manager [org.springframework.orm.hibernate4.HibernateTransactionManager@7249dadf]; rollback [true]; flagged for commmit [false].
11:30:37,507  INFO TransactionalTestExecutionListener:355 - Rolled back transaction after test execution for test context [[TestContext@4e6d7365 testClass = TbusinesstypeDaoImplTest, locations = array<String>['classpath:applicationContext.xml'], testInstance = com.lgq.test.daoTest.TbusinesstypeDaoImplTest@2bfeb1ef, testMethod = testGetBusinessTypeById@TbusinesstypeDaoImplTest, testException = [null]]].
11:30:37,508  INFO GenericApplicationContext:873 - Closing org.springframework.context.support.GenericApplicationContext@2d209079: startup date [Wed May 20 11:30:36 AEST 2015]; root of context hierarchy
11:31:05,862  INFO TestContextManager:143 - @TestExecutionListeners is not present for class [class com.lgq.test.daoTest.TbusinesstypeDaoImplTest]: using defaults.
11:31:05,951  INFO XmlBeanDefinitionReader:316 - Loading XML bean definitions from class path resource [applicationContext.xml]
11:31:06,083  INFO GenericApplicationContext:513 - Refreshing org.springframework.context.support.GenericApplicationContext@27f674d: startup date [Wed May 20 11:31:06 AEST 2015]; root of context hierarchy
11:31:06,200  INFO PropertyPlaceholderConfigurer:172 - Loading properties file from class path resource [jdbc.properties]
11:31:06,352  INFO Version:66 - HCANN000001: Hibernate Commons Annotations {4.0.5.Final}
11:31:06,357  INFO Version:54 - HHH000412: Hibernate Core {4.3.6.Final}
11:31:06,358  INFO Environment:239 - HHH000206: hibernate.properties not found
11:31:06,360  INFO Environment:346 - HHH000021: Bytecode provider name : javassist
11:31:06,371  INFO Configuration:2109 - HHH000044: Configuring from URL: file:/Users/Joseph/Documents/workspace/bizinfo/WebRoot/WEB-INF/classes/hibernate.cfg.xml
11:31:06,388  WARN DTDEntityResolver:75 - HHH000223: Recognized obsolete hibernate namespace http://hibernate.sourceforge.net/. Use namespace http://www.hibernate.org/dtd/ instead. Refer to Hibernate 3.6 Migration Guide!
11:31:06,404  INFO Configuration:2214 - HHH000041: Configured SessionFactory: null
11:31:06,696  INFO Dialect:145 - HHH000400: Using dialect: org.hibernate.dialect.MySQLDialect
11:31:06,783  INFO TransactionFactoryInitiator:62 - HHH000399: Using default transaction strategy (direct JDBC transactions)
11:31:06,787  INFO ASTQueryTranslatorFactory:47 - HHH000397: Using ASTQueryTranslatorFactory
11:31:07,091  INFO HibernateTransactionManager:339 - Using DataSource [org.apache.commons.dbcp.BasicDataSource@6e521c1e] of Hibernate SessionFactory for HibernateTransactionManager
11:31:07,191  INFO TransactionalTestExecutionListener:314 - Began transaction (1): transaction manager [org.springframework.orm.hibernate4.HibernateTransactionManager@2ef8a8c3]; rollback [true]; flagged for commmit [false].
11:31:07,258  INFO TransactionalTestExecutionListener:355 - Rolled back transaction after test execution for test context [[TestContext@77e2a6e2 testClass = TbusinesstypeDaoImplTest, locations = array<String>['classpath:applicationContext.xml'], testInstance = com.lgq.test.daoTest.TbusinesstypeDaoImplTest@5710768a, testMethod = testGetBusinessTypeById@TbusinesstypeDaoImplTest, testException = org.junit.ComparisonFailure: expected:<Business[]Sale> but was:<Business[ ]Sale>]].
11:31:07,261  INFO GenericApplicationContext:873 - Closing org.springframework.context.support.GenericApplicationContext@27f674d: startup date [Wed May 20 11:31:06 AEST 2015]; root of context hierarchy
11:31:56,844  INFO TestContextManager:143 - @TestExecutionListeners is not present for class [class com.lgq.test.daoTest.TbusinesstypeDaoImplTest]: using defaults.
11:31:56,947  INFO XmlBeanDefinitionReader:316 - Loading XML bean definitions from class path resource [applicationContext.xml]
11:31:57,081  INFO GenericApplicationContext:513 - Refreshing org.springframework.context.support.GenericApplicationContext@2d209079: startup date [Wed May 20 11:31:57 AEST 2015]; root of context hierarchy
11:31:57,204  INFO PropertyPlaceholderConfigurer:172 - Loading properties file from class path resource [jdbc.properties]
11:31:57,365  INFO Version:66 - HCANN000001: Hibernate Commons Annotations {4.0.5.Final}
11:31:57,370  INFO Version:54 - HHH000412: Hibernate Core {4.3.6.Final}
11:31:57,371  INFO Environment:239 - HHH000206: hibernate.properties not found
11:31:57,373  INFO Environment:346 - HHH000021: Bytecode provider name : javassist
11:31:57,385  INFO Configuration:2109 - HHH000044: Configuring from URL: file:/Users/Joseph/Documents/workspace/bizinfo/WebRoot/WEB-INF/classes/hibernate.cfg.xml
11:31:57,402  WARN DTDEntityResolver:75 - HHH000223: Recognized obsolete hibernate namespace http://hibernate.sourceforge.net/. Use namespace http://www.hibernate.org/dtd/ instead. Refer to Hibernate 3.6 Migration Guide!
11:31:57,418  INFO Configuration:2214 - HHH000041: Configured SessionFactory: null
11:31:57,725  INFO Dialect:145 - HHH000400: Using dialect: org.hibernate.dialect.MySQLDialect
11:31:57,809  INFO TransactionFactoryInitiator:62 - HHH000399: Using default transaction strategy (direct JDBC transactions)
11:31:57,812  INFO ASTQueryTranslatorFactory:47 - HHH000397: Using ASTQueryTranslatorFactory
11:31:58,115  INFO HibernateTransactionManager:339 - Using DataSource [org.apache.commons.dbcp.BasicDataSource@65e61854] of Hibernate SessionFactory for HibernateTransactionManager
11:31:58,217  INFO TransactionalTestExecutionListener:314 - Began transaction (1): transaction manager [org.springframework.orm.hibernate4.HibernateTransactionManager@7249dadf]; rollback [true]; flagged for commmit [false].
11:31:58,352  INFO TransactionalTestExecutionListener:355 - Rolled back transaction after test execution for test context [[TestContext@4e6d7365 testClass = TbusinesstypeDaoImplTest, locations = array<String>['classpath:applicationContext.xml'], testInstance = com.lgq.test.daoTest.TbusinesstypeDaoImplTest@7c0da600, testMethod = testGetAllTypes@TbusinesstypeDaoImplTest, testException = [null]]].
11:31:58,354  INFO TransactionalTestExecutionListener:314 - Began transaction (2): transaction manager [org.springframework.orm.hibernate4.HibernateTransactionManager@7249dadf]; rollback [true]; flagged for commmit [false].
11:31:58,362  INFO TransactionalTestExecutionListener:355 - Rolled back transaction after test execution for test context [[TestContext@4e6d7365 testClass = TbusinesstypeDaoImplTest, locations = array<String>['classpath:applicationContext.xml'], testInstance = com.lgq.test.daoTest.TbusinesstypeDaoImplTest@2bfeb1ef, testMethod = testGetBusinessTypeById@TbusinesstypeDaoImplTest, testException = [null]]].
11:31:58,364  INFO GenericApplicationContext:873 - Closing org.springframework.context.support.GenericApplicationContext@2d209079: startup date [Wed May 20 11:31:57 AEST 2015]; root of context hierarchy
11:32:26,619  INFO TestContextManager:143 - @TestExecutionListeners is not present for class [class com.lgq.test.daoTest.TuserDaoImplTest]: using defaults.
11:32:26,720  INFO XmlBeanDefinitionReader:316 - Loading XML bean definitions from class path resource [applicationContext.xml]
11:32:26,844  INFO GenericApplicationContext:513 - Refreshing org.springframework.context.support.GenericApplicationContext@2d209079: startup date [Wed May 20 11:32:26 AEST 2015]; root of context hierarchy
11:32:26,961  INFO PropertyPlaceholderConfigurer:172 - Loading properties file from class path resource [jdbc.properties]
11:32:27,112  INFO Version:66 - HCANN000001: Hibernate Commons Annotations {4.0.5.Final}
11:32:27,116  INFO Version:54 - HHH000412: Hibernate Core {4.3.6.Final}
11:32:27,118  INFO Environment:239 - HHH000206: hibernate.properties not found
11:32:27,119  INFO Environment:346 - HHH000021: Bytecode provider name : javassist
11:32:27,131  INFO Configuration:2109 - HHH000044: Configuring from URL: file:/Users/Joseph/Documents/workspace/bizinfo/WebRoot/WEB-INF/classes/hibernate.cfg.xml
11:32:27,147  WARN DTDEntityResolver:75 - HHH000223: Recognized obsolete hibernate namespace http://hibernate.sourceforge.net/. Use namespace http://www.hibernate.org/dtd/ instead. Refer to Hibernate 3.6 Migration Guide!
11:32:27,163  INFO Configuration:2214 - HHH000041: Configured SessionFactory: null
11:32:27,454  INFO Dialect:145 - HHH000400: Using dialect: org.hibernate.dialect.MySQLDialect
11:32:27,538  INFO TransactionFactoryInitiator:62 - HHH000399: Using default transaction strategy (direct JDBC transactions)
11:32:27,541  INFO ASTQueryTranslatorFactory:47 - HHH000397: Using ASTQueryTranslatorFactory
11:32:27,849  INFO HibernateTransactionManager:339 - Using DataSource [org.apache.commons.dbcp.BasicDataSource@65e61854] of Hibernate SessionFactory for HibernateTransactionManager
11:32:27,944  INFO TransactionalTestExecutionListener:314 - Began transaction (1): transaction manager [org.springframework.orm.hibernate4.HibernateTransactionManager@7249dadf]; rollback [true]; flagged for commmit [false].
11:32:28,082  INFO TransactionalTestExecutionListener:355 - Rolled back transaction after test execution for test context [[TestContext@2fa3be26 testClass = TuserDaoImplTest, locations = array<String>['classpath:applicationContext.xml'], testInstance = com.lgq.test.daoTest.TuserDaoImplTest@4287d447, testMethod = testGetAllUser@TuserDaoImplTest, testException = [null]]].
11:32:28,084  INFO GenericApplicationContext:873 - Closing org.springframework.context.support.GenericApplicationContext@2d209079: startup date [Wed May 20 11:32:26 AEST 2015]; root of context hierarchy
11:46:21,415  INFO TestContextManager:143 - @TestExecutionListeners is not present for class [class com.lgq.test.serviceTest.TbusinesstypeManagerImplTest]: using defaults.
11:46:21,514  INFO XmlBeanDefinitionReader:316 - Loading XML bean definitions from class path resource [applicationContext.xml]
11:46:21,641  INFO GenericApplicationContext:513 - Refreshing org.springframework.context.support.GenericApplicationContext@2d209079: startup date [Wed May 20 11:46:21 AEST 2015]; root of context hierarchy
11:46:21,758  INFO PropertyPlaceholderConfigurer:172 - Loading properties file from class path resource [jdbc.properties]
11:46:21,908  INFO Version:66 - HCANN000001: Hibernate Commons Annotations {4.0.5.Final}
11:46:21,912  INFO Version:54 - HHH000412: Hibernate Core {4.3.6.Final}
11:46:21,913  INFO Environment:239 - HHH000206: hibernate.properties not found
11:46:21,915  INFO Environment:346 - HHH000021: Bytecode provider name : javassist
11:46:21,926  INFO Configuration:2109 - HHH000044: Configuring from URL: file:/Users/Joseph/Documents/workspace/bizinfo/WebRoot/WEB-INF/classes/hibernate.cfg.xml
11:46:21,943  WARN DTDEntityResolver:75 - HHH000223: Recognized obsolete hibernate namespace http://hibernate.sourceforge.net/. Use namespace http://www.hibernate.org/dtd/ instead. Refer to Hibernate 3.6 Migration Guide!
11:46:21,958  INFO Configuration:2214 - HHH000041: Configured SessionFactory: null
11:46:22,256  INFO Dialect:145 - HHH000400: Using dialect: org.hibernate.dialect.MySQLDialect
11:46:22,341  INFO TransactionFactoryInitiator:62 - HHH000399: Using default transaction strategy (direct JDBC transactions)
11:46:22,345  INFO ASTQueryTranslatorFactory:47 - HHH000397: Using ASTQueryTranslatorFactory
11:46:22,648  INFO HibernateTransactionManager:339 - Using DataSource [org.apache.commons.dbcp.BasicDataSource@65e61854] of Hibernate SessionFactory for HibernateTransactionManager
11:46:22,747  INFO TransactionalTestExecutionListener:314 - Began transaction (1): transaction manager [org.springframework.orm.hibernate4.HibernateTransactionManager@7249dadf]; rollback [true]; flagged for commmit [false].
11:46:22,888  INFO TransactionalTestExecutionListener:355 - Rolled back transaction after test execution for test context [[TestContext@3961a41a testClass = TbusinesstypeManagerImplTest, locations = array<String>['classpath:applicationContext.xml'], testInstance = com.lgq.test.serviceTest.TbusinesstypeManagerImplTest@5a4ed68f, testMethod = testGetAllTypes@TbusinesstypeManagerImplTest, testException = [null]]].
11:46:22,891  INFO TransactionalTestExecutionListener:314 - Began transaction (2): transaction manager [org.springframework.orm.hibernate4.HibernateTransactionManager@7249dadf]; rollback [true]; flagged for commmit [false].
11:46:22,899  INFO TransactionalTestExecutionListener:355 - Rolled back transaction after test execution for test context [[TestContext@3961a41a testClass = TbusinesstypeManagerImplTest, locations = array<String>['classpath:applicationContext.xml'], testInstance = com.lgq.test.serviceTest.TbusinesstypeManagerImplTest@107e5441, testMethod = testGetBusinessTypeById@TbusinesstypeManagerImplTest, testException = [null]]].
11:46:22,900  INFO GenericApplicationContext:873 - Closing org.springframework.context.support.GenericApplicationContext@2d209079: startup date [Wed May 20 11:46:21 AEST 2015]; root of context hierarchy
11:59:11,575  INFO TestContextManager:143 - @TestExecutionListeners is not present for class [class com.lgq.test.serviceTest.TuserManagerImplTest]: using defaults.
11:59:11,673  INFO XmlBeanDefinitionReader:316 - Loading XML bean definitions from class path resource [applicationContext.xml]
11:59:11,803  INFO GenericApplicationContext:513 - Refreshing org.springframework.context.support.GenericApplicationContext@2d209079: startup date [Wed May 20 11:59:11 AEST 2015]; root of context hierarchy
11:59:11,919  INFO PropertyPlaceholderConfigurer:172 - Loading properties file from class path resource [jdbc.properties]
11:59:12,069  INFO Version:66 - HCANN000001: Hibernate Commons Annotations {4.0.5.Final}
11:59:12,072  INFO Version:54 - HHH000412: Hibernate Core {4.3.6.Final}
11:59:12,074  INFO Environment:239 - HHH000206: hibernate.properties not found
11:59:12,075  INFO Environment:346 - HHH000021: Bytecode provider name : javassist
11:59:12,087  INFO Configuration:2109 - HHH000044: Configuring from URL: file:/Users/Joseph/Documents/workspace/bizinfo/WebRoot/WEB-INF/classes/hibernate.cfg.xml
11:59:12,104  WARN DTDEntityResolver:75 - HHH000223: Recognized obsolete hibernate namespace http://hibernate.sourceforge.net/. Use namespace http://www.hibernate.org/dtd/ instead. Refer to Hibernate 3.6 Migration Guide!
11:59:12,120  INFO Configuration:2214 - HHH000041: Configured SessionFactory: null
11:59:12,424  INFO Dialect:145 - HHH000400: Using dialect: org.hibernate.dialect.MySQLDialect
11:59:12,507  INFO TransactionFactoryInitiator:62 - HHH000399: Using default transaction strategy (direct JDBC transactions)
11:59:12,510  INFO ASTQueryTranslatorFactory:47 - HHH000397: Using ASTQueryTranslatorFactory
11:59:12,815  INFO HibernateTransactionManager:339 - Using DataSource [org.apache.commons.dbcp.BasicDataSource@65e61854] of Hibernate SessionFactory for HibernateTransactionManager
11:59:12,916  INFO TransactionalTestExecutionListener:314 - Began transaction (1): transaction manager [org.springframework.orm.hibernate4.HibernateTransactionManager@7249dadf]; rollback [true]; flagged for commmit [false].
11:59:13,057  INFO TransactionalTestExecutionListener:355 - Rolled back transaction after test execution for test context [[TestContext@4604b900 testClass = TuserManagerImplTest, locations = array<String>['classpath:applicationContext.xml'], testInstance = com.lgq.test.serviceTest.TuserManagerImplTest@73d6d0c, testMethod = testAddUser@TuserManagerImplTest, testException = [null]]].
11:59:13,059  INFO TransactionalTestExecutionListener:314 - Began transaction (2): transaction manager [org.springframework.orm.hibernate4.HibernateTransactionManager@7249dadf]; rollback [true]; flagged for commmit [false].
11:59:13,063  INFO TransactionalTestExecutionListener:355 - Rolled back transaction after test execution for test context [[TestContext@4604b900 testClass = TuserManagerImplTest, locations = array<String>['classpath:applicationContext.xml'], testInstance = com.lgq.test.serviceTest.TuserManagerImplTest@c827db, testMethod = testGetAllUsers@TuserManagerImplTest, testException = [null]]].
11:59:13,066  INFO GenericApplicationContext:873 - Closing org.springframework.context.support.GenericApplicationContext@2d209079: startup date [Wed May 20 11:59:11 AEST 2015]; root of context hierarchy
11:59:28,396  INFO TestContextManager:143 - @TestExecutionListeners is not present for class [class com.lgq.test.serviceTest.TuserManagerImplTest]: using defaults.
11:59:28,482  INFO XmlBeanDefinitionReader:316 - Loading XML bean definitions from class path resource [applicationContext.xml]
11:59:28,612  INFO GenericApplicationContext:513 - Refreshing org.springframework.context.support.GenericApplicationContext@27f674d: startup date [Wed May 20 11:59:28 AEST 2015]; root of context hierarchy
11:59:28,725  INFO PropertyPlaceholderConfigurer:172 - Loading properties file from class path resource [jdbc.properties]
11:59:28,880  INFO Version:66 - HCANN000001: Hibernate Commons Annotations {4.0.5.Final}
11:59:28,883  INFO Version:54 - HHH000412: Hibernate Core {4.3.6.Final}
11:59:28,885  INFO Environment:239 - HHH000206: hibernate.properties not found
11:59:28,886  INFO Environment:346 - HHH000021: Bytecode provider name : javassist
11:59:28,897  INFO Configuration:2109 - HHH000044: Configuring from URL: file:/Users/Joseph/Documents/workspace/bizinfo/WebRoot/WEB-INF/classes/hibernate.cfg.xml
11:59:28,914  WARN DTDEntityResolver:75 - HHH000223: Recognized obsolete hibernate namespace http://hibernate.sourceforge.net/. Use namespace http://www.hibernate.org/dtd/ instead. Refer to Hibernate 3.6 Migration Guide!
11:59:28,930  INFO Configuration:2214 - HHH000041: Configured SessionFactory: null
11:59:29,220  INFO Dialect:145 - HHH000400: Using dialect: org.hibernate.dialect.MySQLDialect
11:59:29,304  INFO TransactionFactoryInitiator:62 - HHH000399: Using default transaction strategy (direct JDBC transactions)
11:59:29,308  INFO ASTQueryTranslatorFactory:47 - HHH000397: Using ASTQueryTranslatorFactory
11:59:29,605  INFO HibernateTransactionManager:339 - Using DataSource [org.apache.commons.dbcp.BasicDataSource@6e521c1e] of Hibernate SessionFactory for HibernateTransactionManager
11:59:29,702  INFO TransactionalTestExecutionListener:314 - Began transaction (1): transaction manager [org.springframework.orm.hibernate4.HibernateTransactionManager@2ef8a8c3]; rollback [true]; flagged for commmit [false].
11:59:29,842  INFO TransactionalTestExecutionListener:355 - Rolled back transaction after test execution for test context [[TestContext@1500e009 testClass = TuserManagerImplTest, locations = array<String>['classpath:applicationContext.xml'], testInstance = com.lgq.test.serviceTest.TuserManagerImplTest@1fd386c3, testMethod = testFindUser@TuserManagerImplTest, testException = [null]]].
11:59:29,844  INFO GenericApplicationContext:873 - Closing org.springframework.context.support.GenericApplicationContext@27f674d: startup date [Wed May 20 11:59:28 AEST 2015]; root of context hierarchy
